<?xml version="1.0" encoding="UTF-8"?>
<!-- Generated by org.testng.reporters.JUnitReportReporter -->
<testsuite name="com.google.tests.GoogleSearchTC2" tests="2" time="37.899" ignored="0" failures="0" timestamp="18 Mar 2020 11:57:50 GMT" skipped="0" hostname="IN5CG840558Z" errors="0">
  <testcase name="TC01" time="17.721" classname="com.google.tests.GoogleSearchTC2"/>
  <testcase name="TC01" time="20.178" classname="com.google.tests.GoogleSearchTC2"/>
</testsuite> <!-- com.google.tests.GoogleSearchTC2 -->
