<?xml version="1.0" encoding="UTF-8"?>
<!-- Generated by org.testng.reporters.JUnitReportReporter -->
<testsuite name="com.google.tests.GoogleSearchTC3" tests="2" time="40.719" ignored="0" failures="0" timestamp="18 Mar 2020 11:57:50 GMT" skipped="0" hostname="IN5CG840558Z" errors="0">
  <testcase name="TC01" time="21.789" classname="com.google.tests.GoogleSearchTC3"/>
  <testcase name="TC01" time="18.930" classname="com.google.tests.GoogleSearchTC3"/>
</testsuite> <!-- com.google.tests.GoogleSearchTC3 -->
