<?xml version="1.0" encoding="UTF-8"?>
<!-- Generated by org.testng.reporters.JUnitReportReporter -->
<testsuite name="com.google.tests.GoogleSearchTC1" tests="2" time="36.439" ignored="0" failures="0" timestamp="18 Mar 2020 12:04:59 GMT" skipped="0" hostname="IN5CG840558Z" errors="0">
  <testcase name="TC01" time="18.021" classname="com.google.tests.GoogleSearchTC1"/>
  <testcase name="TC01" time="18.418" classname="com.google.tests.GoogleSearchTC1"/>
</testsuite> <!-- com.google.tests.GoogleSearchTC1 -->
