<?xml version="1.0" encoding="UTF-8"?>
<!-- Generated by org.testng.reporters.JUnitReportReporter -->
<testsuite name="com.google.pages.GoogleSearchTC3" tests="1" time="23.124" ignored="0" failures="0" timestamp="18 Mar 2020 10:09:20 GMT" skipped="0" hostname="IN5CG840558Z" errors="0">
  <testcase name="TC01" time="23.124" classname="com.google.pages.GoogleSearchTC3"/>
</testsuite> <!-- com.google.pages.GoogleSearchTC3 -->
